<?xml version="1.0" encoding="UTF-8"?>
<!-- Generated by org.testng.reporters.JUnitXMLReporter -->
<testsuite hostname="polpc00246" name="ChromeTest" tests="2" failures="0" timestamp="21 Jun 2015 10:17:17 GMT" time="0.021" errors="0">
  <testcase name="@BeforeMethod setUp" time="0.0" classname="com.wikia.homework.ValidLoginAndPasswordTest">
    <failure type="java.lang.IllegalStateException" message="The driver executable does not exist: /Users/katarzyna.suszczynsk/Documents/workspace/Homework/C:\chromedriver.exe">
      <![CDATA[java.lang.IllegalStateException: The driver executable does not exist: /Users/katarzyna.suszczynsk/Documents/workspace/Homework/C:\chromedriver.exe
	at com.google.common.base.Preconditions.checkState(Preconditions.java:197)
	at org.openqa.selenium.remote.service.DriverService.checkExecutable(DriverService.java:121)
	at org.openqa.selenium.remote.service.DriverService.findExecutable(DriverService.java:116)
	at org.openqa.selenium.chrome.ChromeDriverService.access$000(ChromeDriverService.java:32)
	at org.openqa.selenium.chrome.ChromeDriverService$Builder.findDefaultExecutable(ChromeDriverService.java:137)
	at org.openqa.selenium.remote.service.DriverService$Builder.build(DriverService.java:290)
	at org.openqa.selenium.chrome.ChromeDriverService.createDefaultService(ChromeDriverService.java:88)
	at org.openqa.selenium.chrome.ChromeDriver.<init>(ChromeDriver.java:116)
	at com.wikia.homework.ValidLoginAndPasswordTest.setUp(ValidLoginAndPasswordTest.java:57)
... Removed 26 stack frames]]>
    </failure>
  </testcase> <!-- @BeforeMethod setUp -->
  <testcase name="@AfterMethod tearDown" time="0.0" classname="com.wikia.homework.ValidLoginAndPasswordTest">
    <skipped/>
  </testcase> <!-- @AfterMethod tearDown -->
  <testcase name="@BeforeMethod setUp" time="0.0" classname="com.wikia.homework.ValidLoginAndPasswordTest">
    <skipped/>
  </testcase> <!-- @BeforeMethod setUp -->
  <testcase name="@AfterMethod tearDown" time="0.0" classname="com.wikia.homework.ValidLoginAndPasswordTest">
    <skipped/>
  </testcase> <!-- @AfterMethod tearDown -->
  <testcase name="loginSuccessful" time="0.001" classname="com.wikia.homework.ValidLoginAndPasswordTest">
    <skipped/>
  </testcase> <!-- loginSuccessful -->
  <testcase name="loginSuccessfulSecond" time="0.001" classname="com.wikia.homework.ValidLoginAndPasswordTest">
    <skipped/>
  </testcase> <!-- loginSuccessfulSecond -->
</testsuite> <!-- ChromeTest -->
